<?xml version="1.0" encoding="UTF-8"?>
<!-- Generated by org.testng.reporters.JUnitXMLReporter -->
<testsuite ignored="0" hostname="DESKTOP-D6JCH1J" failures="0" tests="4" name="Default test" time="16.741" errors="0" timestamp="2021-04-11T11:18:14 IST">
  <testcase classname="com.lib.demo.DynamicJson" name="addBook" time="15.501"/>
  <testcase classname="com.lib.demo.DynamicJson" name="addBook" time="0.369"/>
  <testcase classname="com.lib.demo.DynamicJson" name="addBook" time="0.508"/>
  <testcase classname="com.lib.demo.DynamicJson" name="addBook" time="0.237"/>
</testsuite> <!-- Default test -->
