<?xml version="1.0" encoding="UTF-8"?>
<testng-results ignored="0" total="1" passed="1" failed="0" skipped="0">
  <reporter-output>
  </reporter-output>
  <suite started-at="2021-04-10T12:05:03 IST" name="Default suite" finished-at="2021-04-10T12:05:06 IST" duration-ms="2046">
    <groups>
    </groups>
    <test started-at="2021-04-10T12:05:03 IST" name="Default test" finished-at="2021-04-10T12:05:06 IST" duration-ms="2046">
      <class name="com.basics.sumValidation">
        <test-method signature="sumOfCourses()[pri:0, instance:com.basics.sumValidation@3e92efc3]" started-at="2021-04-10T12:05:04 IST" name="sumOfCourses" finished-at="2021-04-10T12:05:06 IST" duration-ms="1981" status="PASS">
          <reporter-output>
          </reporter-output>
        </test-method> <!-- sumOfCourses -->
      </class> <!-- com.basics.sumValidation -->
    </test> <!-- Default test -->
  </suite> <!-- Default suite -->
</testng-results>
