<?xml version="1.0" encoding="UTF-8" ?>
<testsuite tests="3" failures="0" name="cucumber.Options.TestRunner" time="20.127" errors="0" skipped="0">
  <properties>
[...]
</properties>
  <testcase classname="Validating Place API&apos;s" name="Verify if place is being Successfully added using AddPlaceAPI" time="14.976"/>
  <testcase classname="Validating Place API&apos;s" name="Verify if place is being Successfully added using AddPlaceAPI" time="3.046"/>
  <testcase classname="Validating Place API&apos;s" name="Verify if Delete Place functionality is working" time="2.105"/>
</testsuite>